2023/01/21 17:11:33 [notice] 1#1: using the "epoll" event method
2023/01/21 17:11:33 [notice] 1#1: nginx/1.23.3
2023/01/21 17:11:33 [notice] 1#1: built by gcc 10.2.1 20210110 (Debian 10.2.1-6) 
2023/01/21 17:11:33 [notice] 1#1: OS: Linux 5.4.0-74-generic
2023/01/21 17:11:33 [notice] 1#1: getrlimit(RLIMIT_NOFILE): 1048576:1048576
2023/01/21 17:11:33 [notice] 1#1: start worker processes
2023/01/21 17:11:33 [notice] 1#1: start worker process 28
2023/01/21 17:11:33 [notice] 1#1: start worker process 29
2023/01/21 17:27:18 [notice] 1#1: signal 3 (SIGQUIT) received, shutting down
2023/01/21 17:27:18 [notice] 28#28: gracefully shutting down
2023/01/21 17:27:18 [notice] 28#28: exiting
2023/01/21 17:27:18 [notice] 28#28: exit
2023/01/21 17:27:18 [notice] 29#29: gracefully shutting down
2023/01/21 17:27:18 [notice] 29#29: exiting
2023/01/21 17:27:18 [notice] 29#29: exit
2023/01/21 17:27:18 [notice] 1#1: signal 17 (SIGCHLD) received from 28
2023/01/21 17:27:18 [notice] 1#1: worker process 28 exited with code 0
2023/01/21 17:27:18 [notice] 1#1: worker process 29 exited with code 0
2023/01/21 17:27:18 [notice] 1#1: exit
2023/01/21 17:29:10 [emerg] 1#1: host not found in upstream "php" in /etc/nginx/conf.d/default.conf:25
2023/01/21 17:32:00 [emerg] 1#1: host not found in upstream "php" in /etc/nginx/conf.d/default.conf:25
2023/01/21 17:34:18 [notice] 1#1: using the "epoll" event method
2023/01/21 17:34:18 [notice] 1#1: nginx/1.23.3
2023/01/21 17:34:18 [notice] 1#1: built by gcc 10.2.1 20210110 (Debian 10.2.1-6) 
2023/01/21 17:34:18 [notice] 1#1: OS: Linux 5.4.0-74-generic
2023/01/21 17:34:18 [notice] 1#1: getrlimit(RLIMIT_NOFILE): 1048576:1048576
2023/01/21 17:34:18 [notice] 1#1: start worker processes
2023/01/21 17:34:18 [notice] 1#1: start worker process 28
2023/01/21 17:34:18 [notice] 1#1: start worker process 29
2023/01/21 17:38:35 [notice] 1#1: signal 3 (SIGQUIT) received, shutting down
2023/01/21 17:38:35 [notice] 28#28: gracefully shutting down
2023/01/21 17:38:35 [notice] 28#28: exiting
2023/01/21 17:38:35 [notice] 28#28: exit
2023/01/21 17:38:35 [notice] 29#29: gracefully shutting down
2023/01/21 17:38:35 [notice] 29#29: exiting
2023/01/21 17:38:35 [notice] 29#29: exit
2023/01/21 17:38:35 [notice] 1#1: signal 17 (SIGCHLD) received from 28
2023/01/21 17:38:35 [notice] 1#1: worker process 28 exited with code 0
2023/01/21 17:38:35 [notice] 1#1: signal 29 (SIGIO) received
2023/01/21 17:38:35 [notice] 1#1: signal 17 (SIGCHLD) received from 29
2023/01/21 17:38:35 [notice] 1#1: worker process 29 exited with code 0
2023/01/21 17:38:35 [notice] 1#1: exit
2023/01/21 17:40:51 [emerg] 1#1: host not found in upstream "php" in /etc/nginx/conf.d/default.conf:25
2023/01/21 17:44:25 [emerg] 1#1: host not found in upstream "php" in /etc/nginx/conf.d/default.conf:25
2023/01/21 17:48:13 [notice] 1#1: using the "epoll" event method
2023/01/21 17:48:13 [notice] 1#1: nginx/1.23.3
2023/01/21 17:48:13 [notice] 1#1: built by gcc 10.2.1 20210110 (Debian 10.2.1-6) 
2023/01/21 17:48:13 [notice] 1#1: OS: Linux 5.4.0-74-generic
2023/01/21 17:48:13 [notice] 1#1: getrlimit(RLIMIT_NOFILE): 1048576:1048576
2023/01/21 17:48:13 [notice] 1#1: start worker processes
2023/01/21 17:48:13 [notice] 1#1: start worker process 28
2023/01/21 17:48:13 [notice] 1#1: start worker process 29
2023/01/21 18:08:58 [notice] 1#1: signal 3 (SIGQUIT) received, shutting down
2023/01/21 18:08:58 [notice] 28#28: gracefully shutting down
2023/01/21 18:08:58 [notice] 28#28: exiting
2023/01/21 18:08:58 [notice] 28#28: exit
2023/01/21 18:08:58 [notice] 29#29: gracefully shutting down
2023/01/21 18:08:58 [notice] 29#29: exiting
2023/01/21 18:08:58 [notice] 29#29: exit
2023/01/21 18:08:58 [notice] 1#1: signal 17 (SIGCHLD) received from 28
2023/01/21 18:08:58 [notice] 1#1: worker process 28 exited with code 0
2023/01/21 18:08:58 [notice] 1#1: worker process 29 exited with code 0
2023/01/21 18:08:58 [notice] 1#1: exit
2023/01/21 18:10:37 [notice] 1#1: using the "epoll" event method
2023/01/21 18:10:37 [notice] 1#1: nginx/1.23.3
2023/01/21 18:10:37 [notice] 1#1: built by gcc 10.2.1 20210110 (Debian 10.2.1-6) 
2023/01/21 18:10:37 [notice] 1#1: OS: Linux 5.4.0-74-generic
2023/01/21 18:10:37 [notice] 1#1: getrlimit(RLIMIT_NOFILE): 1048576:1048576
2023/01/21 18:10:37 [notice] 1#1: start worker processes
2023/01/21 18:10:37 [notice] 1#1: start worker process 27
2023/01/21 18:10:37 [notice] 1#1: start worker process 28
2023/01/21 18:20:38 [notice] 1#1: signal 3 (SIGQUIT) received, shutting down
2023/01/21 18:20:38 [notice] 27#27: gracefully shutting down
2023/01/21 18:20:38 [notice] 28#28: gracefully shutting down
2023/01/21 18:20:38 [notice] 27#27: exiting
2023/01/21 18:20:38 [notice] 28#28: exiting
2023/01/21 18:20:38 [notice] 28#28: exit
2023/01/21 18:20:38 [notice] 27#27: exit
2023/01/21 18:20:38 [notice] 1#1: signal 17 (SIGCHLD) received from 28
2023/01/21 18:20:38 [notice] 1#1: worker process 28 exited with code 0
2023/01/21 18:20:38 [notice] 1#1: worker process 27 exited with code 0
2023/01/21 18:20:38 [notice] 1#1: exit
2023/01/21 18:22:07 [notice] 1#1: using the "epoll" event method
2023/01/21 18:22:07 [notice] 1#1: nginx/1.23.3
2023/01/21 18:22:07 [notice] 1#1: built by gcc 10.2.1 20210110 (Debian 10.2.1-6) 
2023/01/21 18:22:07 [notice] 1#1: OS: Linux 5.4.0-74-generic
2023/01/21 18:22:07 [notice] 1#1: getrlimit(RLIMIT_NOFILE): 1048576:1048576
2023/01/21 18:22:07 [notice] 1#1: start worker processes
2023/01/21 18:22:07 [notice] 1#1: start worker process 27
2023/01/21 18:22:07 [notice] 1#1: start worker process 28
2023/01/21 18:29:11 [notice] 1#1: signal 3 (SIGQUIT) received, shutting down
2023/01/21 18:29:11 [notice] 27#27: gracefully shutting down
2023/01/21 18:29:11 [notice] 28#28: gracefully shutting down
2023/01/21 18:29:11 [notice] 27#27: exiting
2023/01/21 18:29:11 [notice] 28#28: exiting
2023/01/21 18:29:11 [notice] 27#27: exit
2023/01/21 18:29:11 [notice] 28#28: exit
2023/01/21 18:29:11 [notice] 1#1: signal 17 (SIGCHLD) received from 28
2023/01/21 18:29:11 [notice] 1#1: worker process 27 exited with code 0
2023/01/21 18:29:11 [notice] 1#1: worker process 28 exited with code 0
2023/01/21 18:29:11 [notice] 1#1: exit
2023/01/21 18:30:38 [notice] 1#1: using the "epoll" event method
2023/01/21 18:30:38 [notice] 1#1: nginx/1.23.3
2023/01/21 18:30:38 [notice] 1#1: built by gcc 10.2.1 20210110 (Debian 10.2.1-6) 
2023/01/21 18:30:38 [notice] 1#1: OS: Linux 5.4.0-74-generic
2023/01/21 18:30:38 [notice] 1#1: getrlimit(RLIMIT_NOFILE): 1048576:1048576
2023/01/21 18:30:38 [notice] 1#1: start worker processes
2023/01/21 18:30:38 [notice] 1#1: start worker process 28
2023/01/21 18:30:38 [notice] 1#1: start worker process 29
2023/01/21 18:32:14 [notice] 1#1: signal 3 (SIGQUIT) received, shutting down
2023/01/21 18:32:14 [notice] 28#28: gracefully shutting down
2023/01/21 18:32:14 [notice] 29#29: gracefully shutting down
2023/01/21 18:32:14 [notice] 28#28: exiting
2023/01/21 18:32:14 [notice] 29#29: exiting
2023/01/21 18:32:14 [notice] 28#28: exit
2023/01/21 18:32:14 [notice] 29#29: exit
2023/01/21 18:32:14 [notice] 1#1: signal 17 (SIGCHLD) received from 28
2023/01/21 18:32:14 [notice] 1#1: worker process 28 exited with code 0
2023/01/21 18:32:14 [notice] 1#1: signal 29 (SIGIO) received
2023/01/21 18:32:14 [notice] 1#1: signal 17 (SIGCHLD) received from 29
2023/01/21 18:32:14 [notice] 1#1: worker process 29 exited with code 0
2023/01/21 18:32:14 [notice] 1#1: exit
2023/01/21 18:33:12 [emerg] 1#1: host not found in upstream "php" in /etc/nginx/conf.d/default.conf:25
2023/01/21 22:54:01 [emerg] 1#1: host not found in upstream "php" in /etc/nginx/conf.d/default.conf:25
2023/01/21 22:59:20 [notice] 1#1: using the "epoll" event method
2023/01/21 22:59:20 [notice] 1#1: nginx/1.23.3
2023/01/21 22:59:20 [notice] 1#1: built by gcc 10.2.1 20210110 (Debian 10.2.1-6) 
2023/01/21 22:59:20 [notice] 1#1: OS: Linux 5.4.0-74-generic
2023/01/21 22:59:20 [notice] 1#1: getrlimit(RLIMIT_NOFILE): 1048576:1048576
2023/01/21 22:59:20 [notice] 1#1: start worker processes
2023/01/21 22:59:20 [notice] 1#1: start worker process 28
2023/01/21 22:59:20 [notice] 1#1: start worker process 29
2023/01/21 23:00:36 [notice] 1#1: signal 3 (SIGQUIT) received, shutting down
2023/01/21 23:00:36 [notice] 28#28: gracefully shutting down
2023/01/21 23:00:36 [notice] 28#28: exiting
2023/01/21 23:00:36 [notice] 28#28: exit
2023/01/21 23:00:36 [notice] 29#29: gracefully shutting down
2023/01/21 23:00:36 [notice] 29#29: exiting
2023/01/21 23:00:36 [notice] 29#29: exit
2023/01/21 23:00:36 [notice] 1#1: signal 17 (SIGCHLD) received from 29
2023/01/21 23:00:36 [notice] 1#1: worker process 28 exited with code 0
2023/01/21 23:00:36 [notice] 1#1: worker process 29 exited with code 0
2023/01/21 23:00:36 [notice] 1#1: exit
2023/01/21 23:02:09 [notice] 1#1: using the "epoll" event method
2023/01/21 23:02:09 [notice] 1#1: nginx/1.23.3
2023/01/21 23:02:09 [notice] 1#1: built by gcc 10.2.1 20210110 (Debian 10.2.1-6) 
2023/01/21 23:02:09 [notice] 1#1: OS: Linux 5.4.0-74-generic
2023/01/21 23:02:09 [notice] 1#1: getrlimit(RLIMIT_NOFILE): 1048576:1048576
2023/01/21 23:02:09 [notice] 1#1: start worker processes
2023/01/21 23:02:09 [notice] 1#1: start worker process 27
2023/01/21 23:02:09 [notice] 1#1: start worker process 28
2023/01/21 23:04:13 [notice] 1#1: signal 3 (SIGQUIT) received, shutting down
2023/01/21 23:04:13 [notice] 27#27: gracefully shutting down
2023/01/21 23:04:13 [notice] 27#27: exiting
2023/01/21 23:04:13 [notice] 27#27: exit
2023/01/21 23:04:13 [notice] 28#28: gracefully shutting down
2023/01/21 23:04:13 [notice] 28#28: exiting
2023/01/21 23:04:13 [notice] 28#28: exit
2023/01/21 23:04:13 [notice] 1#1: signal 17 (SIGCHLD) received from 27
2023/01/21 23:04:13 [notice] 1#1: worker process 27 exited with code 0
2023/01/21 23:04:13 [notice] 1#1: signal 29 (SIGIO) received
2023/01/21 23:04:13 [notice] 1#1: signal 17 (SIGCHLD) received from 28
2023/01/21 23:04:13 [notice] 1#1: worker process 28 exited with code 0
2023/01/21 23:04:13 [notice] 1#1: exit
2023/01/21 23:05:43 [notice] 1#1: using the "epoll" event method
2023/01/21 23:05:43 [notice] 1#1: nginx/1.23.3
2023/01/21 23:05:43 [notice] 1#1: built by gcc 10.2.1 20210110 (Debian 10.2.1-6) 
2023/01/21 23:05:43 [notice] 1#1: OS: Linux 5.4.0-74-generic
2023/01/21 23:05:43 [notice] 1#1: getrlimit(RLIMIT_NOFILE): 1048576:1048576
2023/01/21 23:05:43 [notice] 1#1: start worker processes
2023/01/21 23:05:43 [notice] 1#1: start worker process 28
2023/01/21 23:05:43 [notice] 1#1: start worker process 29
2023/01/21 23:22:00 [notice] 1#1: signal 3 (SIGQUIT) received, shutting down
2023/01/21 23:22:00 [notice] 29#29: gracefully shutting down
2023/01/21 23:22:00 [notice] 29#29: exiting
2023/01/21 23:22:00 [notice] 29#29: exit
2023/01/21 23:22:00 [notice] 28#28: gracefully shutting down
2023/01/21 23:22:00 [notice] 28#28: exiting
2023/01/21 23:22:00 [notice] 28#28: exit
2023/01/21 23:22:00 [notice] 1#1: signal 17 (SIGCHLD) received from 29
2023/01/21 23:22:00 [notice] 1#1: worker process 29 exited with code 0
2023/01/21 23:22:00 [notice] 1#1: signal 17 (SIGCHLD) received from 28
2023/01/21 23:22:00 [notice] 1#1: worker process 28 exited with code 0
2023/01/21 23:22:00 [notice] 1#1: exit
2023/01/21 23:23:25 [emerg] 1#1: host not found in upstream "php" in /etc/nginx/conf.d/default.conf:25
2023/01/21 23:27:44 [emerg] 1#1: host not found in upstream "php" in /etc/nginx/conf.d/default.conf:25
2023/01/21 23:28:01 [notice] 1#1: using the "epoll" event method
2023/01/21 23:28:01 [notice] 1#1: nginx/1.23.3
2023/01/21 23:28:01 [notice] 1#1: built by gcc 10.2.1 20210110 (Debian 10.2.1-6) 
2023/01/21 23:28:01 [notice] 1#1: OS: Linux 5.4.0-74-generic
2023/01/21 23:28:01 [notice] 1#1: getrlimit(RLIMIT_NOFILE): 1048576:1048576
2023/01/21 23:28:01 [notice] 1#1: start worker processes
2023/01/21 23:28:01 [notice] 1#1: start worker process 28
2023/01/21 23:28:01 [notice] 1#1: start worker process 29
2023/01/21 23:29:18 [notice] 1#1: signal 3 (SIGQUIT) received, shutting down
2023/01/21 23:29:18 [notice] 28#28: gracefully shutting down
2023/01/21 23:29:18 [notice] 28#28: exiting
2023/01/21 23:29:18 [notice] 28#28: exit
2023/01/21 23:29:18 [notice] 29#29: gracefully shutting down
2023/01/21 23:29:18 [notice] 29#29: exiting
2023/01/21 23:29:18 [notice] 29#29: exit
2023/01/21 23:29:18 [notice] 1#1: signal 17 (SIGCHLD) received from 29
2023/01/21 23:29:18 [notice] 1#1: worker process 29 exited with code 0
2023/01/21 23:29:18 [notice] 1#1: signal 29 (SIGIO) received
2023/01/21 23:29:18 [notice] 1#1: signal 17 (SIGCHLD) received from 28
2023/01/21 23:29:18 [notice] 1#1: worker process 28 exited with code 0
2023/01/21 23:29:18 [notice] 1#1: exit
2023/01/21 23:29:22 [notice] 1#1: using the "epoll" event method
2023/01/21 23:29:22 [notice] 1#1: nginx/1.23.3
2023/01/21 23:29:22 [notice] 1#1: built by gcc 10.2.1 20210110 (Debian 10.2.1-6) 
2023/01/21 23:29:22 [notice] 1#1: OS: Linux 5.4.0-74-generic
2023/01/21 23:29:22 [notice] 1#1: getrlimit(RLIMIT_NOFILE): 1048576:1048576
2023/01/21 23:29:22 [notice] 1#1: start worker processes
2023/01/21 23:29:22 [notice] 1#1: start worker process 28
2023/01/21 23:29:22 [notice] 1#1: start worker process 29
2023/01/21 23:29:30 [error] 29#29: *1 connect() failed (113: No route to host) while connecting to upstream, client: 92.118.39.82, server: , request: "GET / HTTP/1.1", upstream: "fastcgi://192.168.160.3:9000", host: "164.138.221.107:80"
2023/01/21 23:29:55 [notice] 1#1: signal 3 (SIGQUIT) received, shutting down
2023/01/21 23:29:55 [notice] 28#28: gracefully shutting down
2023/01/21 23:29:55 [notice] 28#28: exiting
2023/01/21 23:29:55 [notice] 28#28: exit
2023/01/21 23:29:55 [notice] 29#29: gracefully shutting down
2023/01/21 23:29:55 [notice] 29#29: exiting
2023/01/21 23:29:55 [notice] 29#29: exit
2023/01/21 23:29:55 [notice] 1#1: signal 17 (SIGCHLD) received from 29
2023/01/21 23:29:55 [notice] 1#1: worker process 28 exited with code 0
2023/01/21 23:29:55 [notice] 1#1: worker process 29 exited with code 0
2023/01/21 23:29:55 [notice] 1#1: exit
2023/01/21 23:31:32 [notice] 1#1: using the "epoll" event method
2023/01/21 23:31:32 [notice] 1#1: nginx/1.23.3
2023/01/21 23:31:32 [notice] 1#1: built by gcc 10.2.1 20210110 (Debian 10.2.1-6) 
2023/01/21 23:31:32 [notice] 1#1: OS: Linux 5.4.0-74-generic
2023/01/21 23:31:32 [notice] 1#1: getrlimit(RLIMIT_NOFILE): 1048576:1048576
2023/01/21 23:31:32 [notice] 1#1: start worker processes
2023/01/21 23:31:32 [notice] 1#1: start worker process 28
2023/01/21 23:31:32 [notice] 1#1: start worker process 29
2023/01/21 23:36:43 [notice] 1#1: signal 3 (SIGQUIT) received, shutting down
2023/01/21 23:36:43 [notice] 29#29: gracefully shutting down
2023/01/21 23:36:43 [notice] 29#29: exiting
2023/01/21 23:36:43 [notice] 29#29: exit
2023/01/21 23:36:43 [notice] 28#28: gracefully shutting down
2023/01/21 23:36:43 [notice] 28#28: exiting
2023/01/21 23:36:43 [notice] 28#28: exit
2023/01/21 23:36:43 [notice] 1#1: signal 17 (SIGCHLD) received from 29
2023/01/21 23:36:43 [notice] 1#1: worker process 29 exited with code 0
2023/01/21 23:36:43 [notice] 1#1: signal 29 (SIGIO) received
2023/01/21 23:36:43 [notice] 1#1: signal 17 (SIGCHLD) received from 28
2023/01/21 23:36:43 [notice] 1#1: worker process 28 exited with code 0
2023/01/21 23:36:43 [notice] 1#1: exit
2023/01/21 23:38:00 [notice] 1#1: using the "epoll" event method
2023/01/21 23:38:00 [notice] 1#1: nginx/1.23.3
2023/01/21 23:38:00 [notice] 1#1: built by gcc 10.2.1 20210110 (Debian 10.2.1-6) 
2023/01/21 23:38:00 [notice] 1#1: OS: Linux 5.4.0-74-generic
2023/01/21 23:38:00 [notice] 1#1: getrlimit(RLIMIT_NOFILE): 1048576:1048576
2023/01/21 23:38:00 [notice] 1#1: start worker processes
2023/01/21 23:38:00 [notice] 1#1: start worker process 27
2023/01/21 23:38:00 [notice] 1#1: start worker process 28
2023/01/21 23:48:55 [notice] 1#1: signal 3 (SIGQUIT) received, shutting down
2023/01/21 23:48:55 [notice] 27#27: gracefully shutting down
2023/01/21 23:48:55 [notice] 27#27: exiting
2023/01/21 23:48:55 [notice] 27#27: exit
2023/01/21 23:48:55 [notice] 28#28: gracefully shutting down
2023/01/21 23:48:55 [notice] 28#28: exiting
2023/01/21 23:48:55 [notice] 28#28: exit
2023/01/21 23:48:55 [notice] 1#1: signal 17 (SIGCHLD) received from 27
2023/01/21 23:48:55 [notice] 1#1: worker process 27 exited with code 0
2023/01/21 23:48:55 [notice] 1#1: worker process 28 exited with code 0
2023/01/21 23:48:55 [notice] 1#1: exit
2023/01/21 23:50:06 [emerg] 1#1: host not found in upstream "php" in /etc/nginx/conf.d/default.conf:25
2023/01/21 23:54:31 [emerg] 1#1: host not found in upstream "php" in /etc/nginx/conf.d/default.conf:25
2023/01/21 23:56:10 [emerg] 1#1: host not found in upstream "php" in /etc/nginx/conf.d/default.conf:25
2023/01/21 23:58:07 [emerg] 1#1: host not found in upstream "php" in /etc/nginx/conf.d/default.conf:25
2023/01/21 23:59:23 [notice] 1#1: using the "epoll" event method
2023/01/21 23:59:23 [notice] 1#1: nginx/1.23.3
2023/01/21 23:59:23 [notice] 1#1: built by gcc 10.2.1 20210110 (Debian 10.2.1-6) 
2023/01/21 23:59:23 [notice] 1#1: OS: Linux 5.4.0-74-generic
2023/01/21 23:59:23 [notice] 1#1: getrlimit(RLIMIT_NOFILE): 1048576:1048576
2023/01/21 23:59:23 [notice] 1#1: start worker processes
2023/01/21 23:59:23 [notice] 1#1: start worker process 27
2023/01/21 23:59:23 [notice] 1#1: start worker process 28
2023/01/22 00:01:10 [notice] 1#1: signal 3 (SIGQUIT) received, shutting down
2023/01/22 00:01:10 [notice] 28#28: gracefully shutting down
2023/01/22 00:01:10 [notice] 28#28: exiting
2023/01/22 00:01:10 [notice] 28#28: exit
2023/01/22 00:01:10 [notice] 27#27: gracefully shutting down
2023/01/22 00:01:10 [notice] 27#27: exiting
2023/01/22 00:01:10 [notice] 27#27: exit
2023/01/22 00:01:10 [notice] 1#1: signal 17 (SIGCHLD) received from 27
2023/01/22 00:01:10 [notice] 1#1: worker process 27 exited with code 0
2023/01/22 00:01:10 [notice] 1#1: worker process 28 exited with code 0
2023/01/22 00:01:10 [notice] 1#1: exit
2023/01/22 00:02:15 [notice] 1#1: using the "epoll" event method
2023/01/22 00:02:15 [notice] 1#1: nginx/1.23.3
2023/01/22 00:02:15 [notice] 1#1: built by gcc 10.2.1 20210110 (Debian 10.2.1-6) 
2023/01/22 00:02:15 [notice] 1#1: OS: Linux 5.4.0-74-generic
2023/01/22 00:02:15 [notice] 1#1: getrlimit(RLIMIT_NOFILE): 1048576:1048576
2023/01/22 00:02:15 [notice] 1#1: start worker processes
2023/01/22 00:02:15 [notice] 1#1: start worker process 28
2023/01/22 00:02:15 [notice] 1#1: start worker process 29
2023/01/22 00:03:17 [notice] 1#1: signal 3 (SIGQUIT) received, shutting down
2023/01/22 00:03:17 [notice] 29#29: gracefully shutting down
2023/01/22 00:03:17 [notice] 28#28: gracefully shutting down
2023/01/22 00:03:17 [notice] 29#29: exiting
2023/01/22 00:03:17 [notice] 29#29: exit
2023/01/22 00:03:17 [notice] 28#28: exiting
2023/01/22 00:03:17 [notice] 28#28: exit
2023/01/22 00:03:17 [notice] 1#1: signal 17 (SIGCHLD) received from 29
2023/01/22 00:03:17 [notice] 1#1: worker process 28 exited with code 0
2023/01/22 00:03:17 [notice] 1#1: worker process 29 exited with code 0
2023/01/22 00:03:17 [notice] 1#1: exit
2023/01/22 00:04:13 [notice] 1#1: using the "epoll" event method
2023/01/22 00:04:13 [notice] 1#1: nginx/1.23.3
2023/01/22 00:04:13 [notice] 1#1: built by gcc 10.2.1 20210110 (Debian 10.2.1-6) 
2023/01/22 00:04:13 [notice] 1#1: OS: Linux 5.4.0-74-generic
2023/01/22 00:04:13 [notice] 1#1: getrlimit(RLIMIT_NOFILE): 1048576:1048576
2023/01/22 00:04:13 [notice] 1#1: start worker processes
2023/01/22 00:04:13 [notice] 1#1: start worker process 27
2023/01/22 00:04:13 [notice] 1#1: start worker process 28
2023/01/22 00:17:00 [notice] 1#1: signal 3 (SIGQUIT) received, shutting down
2023/01/22 00:17:00 [notice] 27#27: gracefully shutting down
2023/01/22 00:17:00 [notice] 28#28: gracefully shutting down
2023/01/22 00:17:00 [notice] 27#27: exiting
2023/01/22 00:17:00 [notice] 28#28: exiting
2023/01/22 00:17:00 [notice] 28#28: exit
2023/01/22 00:17:00 [notice] 27#27: exit
2023/01/22 00:17:00 [notice] 1#1: signal 17 (SIGCHLD) received from 27
2023/01/22 00:17:00 [notice] 1#1: worker process 27 exited with code 0
2023/01/22 00:17:00 [notice] 1#1: signal 29 (SIGIO) received
2023/01/22 00:17:00 [notice] 1#1: signal 17 (SIGCHLD) received from 28
2023/01/22 00:17:00 [notice] 1#1: worker process 28 exited with code 0
2023/01/22 00:17:00 [notice] 1#1: exit
2023/01/22 00:20:35 [notice] 1#1: using the "epoll" event method
2023/01/22 00:20:35 [notice] 1#1: nginx/1.23.3
2023/01/22 00:20:35 [notice] 1#1: built by gcc 10.2.1 20210110 (Debian 10.2.1-6) 
2023/01/22 00:20:35 [notice] 1#1: OS: Linux 5.4.0-74-generic
2023/01/22 00:20:35 [notice] 1#1: getrlimit(RLIMIT_NOFILE): 1048576:1048576
2023/01/22 00:20:35 [notice] 1#1: start worker processes
2023/01/22 00:20:35 [notice] 1#1: start worker process 28
2023/01/22 00:20:35 [notice] 1#1: start worker process 29
2023/01/22 00:21:13 [notice] 1#1: signal 3 (SIGQUIT) received, shutting down
2023/01/22 00:21:13 [notice] 28#28: gracefully shutting down
2023/01/22 00:21:13 [notice] 28#28: exiting
2023/01/22 00:21:13 [notice] 28#28: exit
2023/01/22 00:21:13 [notice] 29#29: gracefully shutting down
2023/01/22 00:21:13 [notice] 29#29: exiting
2023/01/22 00:21:13 [notice] 29#29: exit
2023/01/22 00:21:13 [notice] 1#1: signal 17 (SIGCHLD) received from 28
2023/01/22 00:21:13 [notice] 1#1: worker process 28 exited with code 0
2023/01/22 00:21:13 [notice] 1#1: worker process 29 exited with code 0
2023/01/22 00:21:13 [notice] 1#1: exit
2023/01/22 00:23:17 [notice] 1#1: using the "epoll" event method
2023/01/22 00:23:17 [notice] 1#1: nginx/1.23.3
2023/01/22 00:23:17 [notice] 1#1: built by gcc 10.2.1 20210110 (Debian 10.2.1-6) 
2023/01/22 00:23:17 [notice] 1#1: OS: Linux 5.4.0-74-generic
2023/01/22 00:23:17 [notice] 1#1: getrlimit(RLIMIT_NOFILE): 1048576:1048576
2023/01/22 00:23:17 [notice] 1#1: start worker processes
2023/01/22 00:23:17 [notice] 1#1: start worker process 28
2023/01/22 00:23:17 [notice] 1#1: start worker process 29
2023/01/22 00:24:15 [notice] 1#1: signal 3 (SIGQUIT) received, shutting down
2023/01/22 00:24:15 [notice] 29#29: gracefully shutting down
2023/01/22 00:24:15 [notice] 28#28: gracefully shutting down
2023/01/22 00:24:15 [notice] 29#29: exiting
2023/01/22 00:24:15 [notice] 28#28: exiting
2023/01/22 00:24:15 [notice] 28#28: exit
2023/01/22 00:24:15 [notice] 29#29: exit
2023/01/22 00:24:15 [notice] 1#1: signal 17 (SIGCHLD) received from 29
2023/01/22 00:24:15 [notice] 1#1: worker process 28 exited with code 0
2023/01/22 00:24:15 [notice] 1#1: worker process 29 exited with code 0
2023/01/22 00:24:15 [notice] 1#1: exit
2023/01/22 00:26:14 [notice] 1#1: using the "epoll" event method
2023/01/22 00:26:14 [notice] 1#1: nginx/1.23.3
2023/01/22 00:26:14 [notice] 1#1: built by gcc 10.2.1 20210110 (Debian 10.2.1-6) 
2023/01/22 00:26:14 [notice] 1#1: OS: Linux 5.4.0-74-generic
2023/01/22 00:26:14 [notice] 1#1: getrlimit(RLIMIT_NOFILE): 1048576:1048576
2023/01/22 00:26:14 [notice] 1#1: start worker processes
2023/01/22 00:26:14 [notice] 1#1: start worker process 27
2023/01/22 00:26:14 [notice] 1#1: start worker process 28
2023/01/22 00:32:53 [notice] 1#1: signal 3 (SIGQUIT) received, shutting down
2023/01/22 00:32:53 [notice] 27#27: gracefully shutting down
2023/01/22 00:32:53 [notice] 27#27: exiting
2023/01/22 00:32:53 [notice] 27#27: exit
2023/01/22 00:32:53 [notice] 28#28: gracefully shutting down
2023/01/22 00:32:53 [notice] 28#28: exiting
2023/01/22 00:32:53 [notice] 28#28: exit
2023/01/22 00:32:53 [notice] 1#1: signal 17 (SIGCHLD) received from 27
2023/01/22 00:32:53 [notice] 1#1: worker process 27 exited with code 0
2023/01/22 00:32:53 [notice] 1#1: signal 17 (SIGCHLD) received from 28
2023/01/22 00:32:53 [notice] 1#1: worker process 28 exited with code 0
2023/01/22 00:32:53 [notice] 1#1: exit
2023/01/22 00:45:00 [notice] 1#1: using the "epoll" event method
2023/01/22 00:45:00 [notice] 1#1: nginx/1.23.3
2023/01/22 00:45:00 [notice] 1#1: built by gcc 10.2.1 20210110 (Debian 10.2.1-6) 
2023/01/22 00:45:00 [notice] 1#1: OS: Linux 5.4.0-74-generic
2023/01/22 00:45:00 [notice] 1#1: getrlimit(RLIMIT_NOFILE): 1048576:1048576
2023/01/22 00:45:00 [notice] 1#1: start worker processes
2023/01/22 00:45:00 [notice] 1#1: start worker process 28
2023/01/22 00:45:00 [notice] 1#1: start worker process 29
2023/01/22 01:00:49 [notice] 1#1: signal 3 (SIGQUIT) received, shutting down
2023/01/22 01:00:49 [notice] 28#28: gracefully shutting down
2023/01/22 01:00:49 [notice] 29#29: gracefully shutting down
2023/01/22 01:00:49 [notice] 28#28: exiting
2023/01/22 01:00:49 [notice] 29#29: exiting
2023/01/22 01:00:49 [notice] 28#28: exit
2023/01/22 01:00:49 [notice] 29#29: exit
2023/01/22 01:00:49 [notice] 1#1: signal 17 (SIGCHLD) received from 28
2023/01/22 01:00:49 [notice] 1#1: worker process 28 exited with code 0
2023/01/22 01:00:49 [notice] 1#1: signal 29 (SIGIO) received
2023/01/22 01:00:49 [notice] 1#1: signal 17 (SIGCHLD) received from 29
2023/01/22 01:00:49 [notice] 1#1: worker process 29 exited with code 0
2023/01/22 01:00:49 [notice] 1#1: exit
2023/01/22 01:16:33 [notice] 1#1: using the "epoll" event method
2023/01/22 01:16:33 [notice] 1#1: nginx/1.23.3
2023/01/22 01:16:33 [notice] 1#1: built by gcc 10.2.1 20210110 (Debian 10.2.1-6) 
2023/01/22 01:16:33 [notice] 1#1: OS: Linux 5.4.0-74-generic
2023/01/22 01:16:33 [notice] 1#1: getrlimit(RLIMIT_NOFILE): 1048576:1048576
2023/01/22 01:16:33 [notice] 1#1: start worker processes
2023/01/22 01:16:33 [notice] 1#1: start worker process 28
2023/01/22 01:16:33 [notice] 1#1: start worker process 29
2023/01/22 01:30:54 [notice] 1#1: signal 3 (SIGQUIT) received, shutting down
2023/01/22 01:30:54 [notice] 28#28: gracefully shutting down
2023/01/22 01:30:54 [notice] 29#29: gracefully shutting down
2023/01/22 01:30:54 [notice] 28#28: exiting
2023/01/22 01:30:54 [notice] 29#29: exiting
2023/01/22 01:30:54 [notice] 28#28: exit
2023/01/22 01:30:54 [notice] 29#29: exit
2023/01/22 01:30:54 [notice] 1#1: signal 17 (SIGCHLD) received from 29
2023/01/22 01:30:54 [notice] 1#1: worker process 28 exited with code 0
2023/01/22 01:30:54 [notice] 1#1: worker process 29 exited with code 0
2023/01/22 01:30:54 [notice] 1#1: exit
2023/01/22 11:47:57 [notice] 1#1: using the "epoll" event method
2023/01/22 11:47:57 [notice] 1#1: nginx/1.23.3
2023/01/22 11:47:57 [notice] 1#1: built by gcc 10.2.1 20210110 (Debian 10.2.1-6) 
2023/01/22 11:47:57 [notice] 1#1: OS: Linux 5.4.0-74-generic
2023/01/22 11:47:57 [notice] 1#1: getrlimit(RLIMIT_NOFILE): 1048576:1048576
2023/01/22 11:47:57 [notice] 1#1: start worker processes
2023/01/22 11:47:57 [notice] 1#1: start worker process 27
2023/01/22 11:47:57 [notice] 1#1: start worker process 28
2023/01/22 14:50:11 [notice] 1#1: using the "epoll" event method
2023/01/22 14:50:11 [notice] 1#1: nginx/1.23.3
2023/01/22 14:50:11 [notice] 1#1: built by gcc 10.2.1 20210110 (Debian 10.2.1-6) 
2023/01/22 14:50:11 [notice] 1#1: OS: Linux 5.4.0-74-generic
2023/01/22 14:50:11 [notice] 1#1: getrlimit(RLIMIT_NOFILE): 1048576:1048576
2023/01/22 14:50:11 [notice] 1#1: start worker processes
2023/01/22 14:50:11 [notice] 1#1: start worker process 28
2023/01/22 14:50:11 [notice] 1#1: start worker process 29
2023/01/22 15:56:47 [notice] 1#1: signal 3 (SIGQUIT) received, shutting down
2023/01/22 15:56:47 [notice] 28#28: gracefully shutting down
2023/01/22 15:56:47 [notice] 28#28: exiting
2023/01/22 15:56:47 [notice] 28#28: exit
2023/01/22 15:56:47 [notice] 29#29: gracefully shutting down
2023/01/22 15:56:47 [notice] 29#29: exiting
2023/01/22 15:56:47 [notice] 29#29: exit
2023/01/22 15:56:47 [notice] 1#1: signal 17 (SIGCHLD) received from 28
2023/01/22 15:56:47 [notice] 1#1: worker process 28 exited with code 0
2023/01/22 15:56:47 [notice] 1#1: worker process 29 exited with code 0
2023/01/22 15:56:47 [notice] 1#1: exit
2023/01/22 16:00:27 [notice] 1#1: using the "epoll" event method
2023/01/22 16:00:27 [notice] 1#1: nginx/1.23.3
2023/01/22 16:00:27 [notice] 1#1: built by gcc 10.2.1 20210110 (Debian 10.2.1-6) 
2023/01/22 16:00:27 [notice] 1#1: OS: Linux 5.4.0-74-generic
2023/01/22 16:00:27 [notice] 1#1: getrlimit(RLIMIT_NOFILE): 1048576:1048576
2023/01/22 16:00:27 [notice] 1#1: start worker processes
2023/01/22 16:00:27 [notice] 1#1: start worker process 27
2023/01/22 16:00:27 [notice] 1#1: start worker process 28
2023/01/22 16:06:15 [notice] 1#1: signal 3 (SIGQUIT) received, shutting down
2023/01/22 16:06:15 [notice] 27#27: gracefully shutting down
2023/01/22 16:06:15 [notice] 27#27: exiting
2023/01/22 16:06:15 [notice] 27#27: exit
2023/01/22 16:06:15 [notice] 28#28: gracefully shutting down
2023/01/22 16:06:15 [notice] 28#28: exiting
2023/01/22 16:06:15 [notice] 28#28: exit
2023/01/22 16:06:15 [notice] 1#1: signal 17 (SIGCHLD) received from 27
2023/01/22 16:06:15 [notice] 1#1: worker process 27 exited with code 0
2023/01/22 16:06:15 [notice] 1#1: worker process 28 exited with code 0
2023/01/22 16:06:15 [notice] 1#1: exit
2023/01/22 16:13:21 [notice] 1#1: using the "epoll" event method
2023/01/22 16:13:21 [notice] 1#1: nginx/1.23.3
2023/01/22 16:13:21 [notice] 1#1: built by gcc 10.2.1 20210110 (Debian 10.2.1-6) 
2023/01/22 16:13:21 [notice] 1#1: OS: Linux 5.4.0-74-generic
2023/01/22 16:13:21 [notice] 1#1: getrlimit(RLIMIT_NOFILE): 1048576:1048576
2023/01/22 16:13:21 [notice] 1#1: start worker processes
2023/01/22 16:13:21 [notice] 1#1: start worker process 28
2023/01/22 16:13:21 [notice] 1#1: start worker process 29
2023/01/22 16:18:22 [notice] 1#1: signal 3 (SIGQUIT) received, shutting down
2023/01/22 16:18:22 [notice] 28#28: gracefully shutting down
2023/01/22 16:18:22 [notice] 28#28: exiting
2023/01/22 16:18:22 [notice] 28#28: exit
2023/01/22 16:18:22 [notice] 29#29: gracefully shutting down
2023/01/22 16:18:22 [notice] 29#29: exiting
2023/01/22 16:18:22 [notice] 29#29: exit
2023/01/22 16:18:22 [notice] 1#1: signal 17 (SIGCHLD) received from 28
2023/01/22 16:18:22 [notice] 1#1: worker process 28 exited with code 0
2023/01/22 16:18:22 [notice] 1#1: worker process 29 exited with code 0
2023/01/22 16:18:22 [notice] 1#1: exit
2023/01/22 16:20:44 [notice] 1#1: using the "epoll" event method
2023/01/22 16:20:44 [notice] 1#1: nginx/1.23.3
2023/01/22 16:20:44 [notice] 1#1: built by gcc 10.2.1 20210110 (Debian 10.2.1-6) 
2023/01/22 16:20:44 [notice] 1#1: OS: Linux 5.4.0-74-generic
2023/01/22 16:20:44 [notice] 1#1: getrlimit(RLIMIT_NOFILE): 1048576:1048576
2023/01/22 16:20:44 [notice] 1#1: start worker processes
2023/01/22 16:20:44 [notice] 1#1: start worker process 27
2023/01/22 16:20:44 [notice] 1#1: start worker process 28
2023/01/22 16:23:12 [notice] 1#1: signal 3 (SIGQUIT) received, shutting down
2023/01/22 16:23:12 [notice] 27#27: gracefully shutting down
2023/01/22 16:23:12 [notice] 28#28: gracefully shutting down
2023/01/22 16:23:12 [notice] 28#28: exiting
2023/01/22 16:23:12 [notice] 27#27: exiting
2023/01/22 16:23:12 [notice] 28#28: exit
2023/01/22 16:23:12 [notice] 27#27: exit
2023/01/22 16:23:13 [notice] 1#1: signal 17 (SIGCHLD) received from 28
2023/01/22 16:23:13 [notice] 1#1: worker process 28 exited with code 0
2023/01/22 16:23:13 [notice] 1#1: signal 29 (SIGIO) received
2023/01/22 16:23:13 [notice] 1#1: signal 17 (SIGCHLD) received from 27
2023/01/22 16:23:13 [notice] 1#1: worker process 27 exited with code 0
2023/01/22 16:23:13 [notice] 1#1: exit
2023/01/22 16:25:25 [notice] 1#1: using the "epoll" event method
2023/01/22 16:25:25 [notice] 1#1: nginx/1.23.3
2023/01/22 16:25:25 [notice] 1#1: built by gcc 10.2.1 20210110 (Debian 10.2.1-6) 
2023/01/22 16:25:25 [notice] 1#1: OS: Linux 5.4.0-74-generic
2023/01/22 16:25:25 [notice] 1#1: getrlimit(RLIMIT_NOFILE): 1048576:1048576
2023/01/22 16:25:25 [notice] 1#1: start worker processes
2023/01/22 16:25:25 [notice] 1#1: start worker process 28
2023/01/22 16:25:25 [notice] 1#1: start worker process 29
2023/01/22 16:27:20 [notice] 1#1: signal 3 (SIGQUIT) received, shutting down
2023/01/22 16:27:20 [notice] 29#29: gracefully shutting down
2023/01/22 16:27:20 [notice] 28#28: gracefully shutting down
2023/01/22 16:27:20 [notice] 29#29: exiting
2023/01/22 16:27:20 [notice] 28#28: exiting
2023/01/22 16:27:20 [notice] 29#29: exit
2023/01/22 16:27:20 [notice] 28#28: exit
2023/01/22 16:27:20 [notice] 1#1: signal 17 (SIGCHLD) received from 29
2023/01/22 16:27:20 [notice] 1#1: worker process 29 exited with code 0
2023/01/22 16:27:20 [notice] 1#1: signal 17 (SIGCHLD) received from 28
2023/01/22 16:27:20 [notice] 1#1: worker process 28 exited with code 0
2023/01/22 16:27:20 [notice] 1#1: exit
2023/01/22 18:47:46 [notice] 1#1: using the "epoll" event method
2023/01/22 18:47:46 [notice] 1#1: nginx/1.23.3
2023/01/22 18:47:46 [notice] 1#1: built by gcc 10.2.1 20210110 (Debian 10.2.1-6) 
2023/01/22 18:47:46 [notice] 1#1: OS: Linux 5.4.0-74-generic
2023/01/22 18:47:46 [notice] 1#1: getrlimit(RLIMIT_NOFILE): 1048576:1048576
2023/01/22 18:47:46 [notice] 1#1: start worker processes
2023/01/22 18:47:46 [notice] 1#1: start worker process 27
2023/01/22 18:47:46 [notice] 1#1: start worker process 28
2023/01/22 18:49:04 [notice] 1#1: signal 3 (SIGQUIT) received, shutting down
2023/01/22 18:49:04 [notice] 28#28: gracefully shutting down
2023/01/22 18:49:04 [notice] 27#27: gracefully shutting down
2023/01/22 18:49:04 [notice] 27#27: exiting
2023/01/22 18:49:04 [notice] 28#28: exiting
2023/01/22 18:49:04 [notice] 28#28: exit
2023/01/22 18:49:04 [notice] 27#27: exit
2023/01/22 18:49:05 [notice] 1#1: signal 17 (SIGCHLD) received from 27
2023/01/22 18:49:05 [notice] 1#1: worker process 27 exited with code 0
2023/01/22 18:49:05 [notice] 1#1: signal 29 (SIGIO) received
2023/01/22 18:49:05 [notice] 1#1: signal 17 (SIGCHLD) received from 28
2023/01/22 18:49:05 [notice] 1#1: worker process 28 exited with code 0
2023/01/22 18:49:05 [notice] 1#1: exit
2023/01/22 18:51:01 [notice] 1#1: using the "epoll" event method
2023/01/22 18:51:01 [notice] 1#1: nginx/1.23.3
2023/01/22 18:51:01 [notice] 1#1: built by gcc 10.2.1 20210110 (Debian 10.2.1-6) 
2023/01/22 18:51:01 [notice] 1#1: OS: Linux 5.4.0-74-generic
2023/01/22 18:51:01 [notice] 1#1: getrlimit(RLIMIT_NOFILE): 1048576:1048576
2023/01/22 18:51:01 [notice] 1#1: start worker processes
2023/01/22 18:51:01 [notice] 1#1: start worker process 27
2023/01/22 18:51:01 [notice] 1#1: start worker process 28
2023/01/22 19:04:26 [notice] 1#1: signal 3 (SIGQUIT) received, shutting down
2023/01/22 19:04:26 [notice] 28#28: gracefully shutting down
2023/01/22 19:04:26 [notice] 28#28: exiting
2023/01/22 19:04:26 [notice] 28#28: exit
2023/01/22 19:04:26 [notice] 27#27: gracefully shutting down
2023/01/22 19:04:26 [notice] 27#27: exiting
2023/01/22 19:04:26 [notice] 27#27: exit
2023/01/22 19:04:26 [notice] 1#1: signal 17 (SIGCHLD) received from 27
2023/01/22 19:04:26 [notice] 1#1: worker process 27 exited with code 0
2023/01/22 19:04:26 [notice] 1#1: worker process 28 exited with code 0
2023/01/22 19:04:26 [notice] 1#1: exit
2023/01/22 19:16:43 [notice] 1#1: using the "epoll" event method
2023/01/22 19:16:43 [notice] 1#1: nginx/1.23.3
2023/01/22 19:16:43 [notice] 1#1: built by gcc 10.2.1 20210110 (Debian 10.2.1-6) 
2023/01/22 19:16:43 [notice] 1#1: OS: Linux 5.4.0-74-generic
2023/01/22 19:16:43 [notice] 1#1: getrlimit(RLIMIT_NOFILE): 1048576:1048576
2023/01/22 19:16:43 [notice] 1#1: start worker processes
2023/01/22 19:16:43 [notice] 1#1: start worker process 28
2023/01/22 19:16:43 [notice] 1#1: start worker process 29
2023/01/22 19:47:08 [notice] 1#1: signal 3 (SIGQUIT) received, shutting down
2023/01/22 19:47:08 [notice] 28#28: gracefully shutting down
2023/01/22 19:47:08 [notice] 28#28: exiting
2023/01/22 19:47:08 [notice] 28#28: exit
2023/01/22 19:47:08 [notice] 29#29: gracefully shutting down
2023/01/22 19:47:08 [notice] 29#29: exiting
2023/01/22 19:47:08 [notice] 29#29: exit
2023/01/22 19:47:08 [notice] 1#1: signal 17 (SIGCHLD) received from 28
2023/01/22 19:47:08 [notice] 1#1: worker process 28 exited with code 0
2023/01/22 19:47:08 [notice] 1#1: worker process 29 exited with code 0
2023/01/22 19:47:08 [notice] 1#1: exit
2023/01/22 19:52:08 [notice] 1#1: using the "epoll" event method
2023/01/22 19:52:08 [notice] 1#1: nginx/1.23.3
2023/01/22 19:52:08 [notice] 1#1: built by gcc 10.2.1 20210110 (Debian 10.2.1-6) 
2023/01/22 19:52:08 [notice] 1#1: OS: Linux 5.4.0-74-generic
2023/01/22 19:52:08 [notice] 1#1: getrlimit(RLIMIT_NOFILE): 1048576:1048576
2023/01/22 19:52:08 [notice] 1#1: start worker processes
2023/01/22 19:52:08 [notice] 1#1: start worker process 27
2023/01/22 19:52:08 [notice] 1#1: start worker process 28
2023/01/22 20:08:37 [notice] 1#1: signal 3 (SIGQUIT) received, shutting down
2023/01/22 20:08:37 [notice] 28#28: gracefully shutting down
2023/01/22 20:08:37 [notice] 27#27: gracefully shutting down
2023/01/22 20:08:37 [notice] 27#27: exiting
2023/01/22 20:08:37 [notice] 28#28: exiting
2023/01/22 20:08:37 [notice] 27#27: exit
2023/01/22 20:08:37 [notice] 28#28: exit
2023/01/22 20:08:37 [notice] 1#1: signal 17 (SIGCHLD) received from 28
2023/01/22 20:08:37 [notice] 1#1: worker process 27 exited with code 0
2023/01/22 20:08:37 [notice] 1#1: worker process 28 exited with code 0
2023/01/22 20:08:37 [notice] 1#1: exit
2023/01/22 20:08:55 [notice] 1#1: using the "epoll" event method
2023/01/22 20:08:55 [notice] 1#1: nginx/1.23.3
2023/01/22 20:08:55 [notice] 1#1: built by gcc 10.2.1 20210110 (Debian 10.2.1-6) 
2023/01/22 20:08:55 [notice] 1#1: OS: Linux 5.4.0-74-generic
2023/01/22 20:08:55 [notice] 1#1: getrlimit(RLIMIT_NOFILE): 1048576:1048576
2023/01/22 20:08:55 [notice] 1#1: start worker processes
2023/01/22 20:08:55 [notice] 1#1: start worker process 27
2023/01/22 20:08:55 [notice] 1#1: start worker process 28
2023/01/22 20:09:46 [notice] 1#1: signal 3 (SIGQUIT) received, shutting down
2023/01/22 20:09:46 [notice] 27#27: gracefully shutting down
2023/01/22 20:09:46 [notice] 27#27: exiting
2023/01/22 20:09:46 [notice] 27#27: exit
2023/01/22 20:09:46 [notice] 28#28: gracefully shutting down
2023/01/22 20:09:46 [notice] 28#28: exiting
2023/01/22 20:09:46 [notice] 28#28: exit
2023/01/22 20:09:46 [notice] 1#1: signal 17 (SIGCHLD) received from 27
2023/01/22 20:09:46 [notice] 1#1: worker process 27 exited with code 0
2023/01/22 20:09:46 [notice] 1#1: worker process 28 exited with code 0
2023/01/22 20:09:46 [notice] 1#1: exit
2023/01/22 20:15:49 [notice] 1#1: using the "epoll" event method
2023/01/22 20:15:49 [notice] 1#1: nginx/1.23.3
2023/01/22 20:15:49 [notice] 1#1: built by gcc 10.2.1 20210110 (Debian 10.2.1-6) 
2023/01/22 20:15:49 [notice] 1#1: OS: Linux 5.4.0-74-generic
2023/01/22 20:15:49 [notice] 1#1: getrlimit(RLIMIT_NOFILE): 1048576:1048576
2023/01/22 20:15:49 [notice] 1#1: start worker processes
2023/01/22 20:15:49 [notice] 1#1: start worker process 28
2023/01/22 20:15:49 [notice] 1#1: start worker process 29
2023/01/22 21:03:56 [notice] 1#1: signal 3 (SIGQUIT) received, shutting down
2023/01/22 21:03:56 [notice] 29#29: gracefully shutting down
2023/01/22 21:03:56 [notice] 28#28: gracefully shutting down
2023/01/22 21:03:56 [notice] 29#29: exiting
2023/01/22 21:03:56 [notice] 28#28: exiting
2023/01/22 21:03:56 [notice] 28#28: exit
2023/01/22 21:03:56 [notice] 29#29: exit
2023/01/22 21:03:56 [notice] 1#1: signal 17 (SIGCHLD) received from 28
2023/01/22 21:03:56 [notice] 1#1: worker process 28 exited with code 0
2023/01/22 21:03:56 [notice] 1#1: signal 29 (SIGIO) received
2023/01/22 21:03:56 [notice] 1#1: signal 17 (SIGCHLD) received from 29
2023/01/22 21:03:56 [notice] 1#1: worker process 29 exited with code 0
2023/01/22 21:03:56 [notice] 1#1: exit
2023/01/22 21:10:08 [notice] 1#1: using the "epoll" event method
2023/01/22 21:10:08 [notice] 1#1: nginx/1.23.3
2023/01/22 21:10:08 [notice] 1#1: built by gcc 10.2.1 20210110 (Debian 10.2.1-6) 
2023/01/22 21:10:08 [notice] 1#1: OS: Linux 5.4.0-74-generic
2023/01/22 21:10:08 [notice] 1#1: getrlimit(RLIMIT_NOFILE): 1048576:1048576
2023/01/22 21:10:08 [notice] 1#1: start worker processes
2023/01/22 21:10:08 [notice] 1#1: start worker process 28
2023/01/22 21:10:08 [notice] 1#1: start worker process 29
2023/01/22 21:15:59 [notice] 1#1: signal 3 (SIGQUIT) received, shutting down
2023/01/22 21:15:59 [notice] 28#28: gracefully shutting down
2023/01/22 21:15:59 [notice] 28#28: exiting
2023/01/22 21:15:59 [notice] 28#28: exit
2023/01/22 21:15:59 [notice] 29#29: gracefully shutting down
2023/01/22 21:15:59 [notice] 29#29: exiting
2023/01/22 21:15:59 [notice] 29#29: exit
2023/01/22 21:15:59 [notice] 1#1: signal 17 (SIGCHLD) received from 28
2023/01/22 21:15:59 [notice] 1#1: worker process 28 exited with code 0
2023/01/22 21:15:59 [notice] 1#1: worker process 29 exited with code 0
2023/01/22 21:15:59 [notice] 1#1: exit
2023/01/22 21:16:02 [notice] 1#1: using the "epoll" event method
2023/01/22 21:16:02 [notice] 1#1: nginx/1.23.3
2023/01/22 21:16:02 [notice] 1#1: built by gcc 10.2.1 20210110 (Debian 10.2.1-6) 
2023/01/22 21:16:02 [notice] 1#1: OS: Linux 5.4.0-74-generic
2023/01/22 21:16:02 [notice] 1#1: getrlimit(RLIMIT_NOFILE): 1048576:1048576
2023/01/22 21:16:02 [notice] 1#1: start worker processes
2023/01/22 21:16:02 [notice] 1#1: start worker process 27
2023/01/22 21:16:02 [notice] 1#1: start worker process 28
2023/01/22 21:22:33 [notice] 1#1: signal 3 (SIGQUIT) received, shutting down
2023/01/22 21:22:33 [notice] 27#27: gracefully shutting down
2023/01/22 21:22:33 [notice] 28#28: gracefully shutting down
2023/01/22 21:22:33 [notice] 28#28: exiting
2023/01/22 21:22:33 [notice] 27#27: exiting
2023/01/22 21:22:33 [notice] 28#28: exit
2023/01/22 21:22:33 [notice] 27#27: exit
2023/01/22 21:22:33 [notice] 1#1: signal 17 (SIGCHLD) received from 27
2023/01/22 21:22:33 [notice] 1#1: worker process 27 exited with code 0
2023/01/22 21:22:33 [notice] 1#1: signal 29 (SIGIO) received
2023/01/22 21:22:33 [notice] 1#1: signal 17 (SIGCHLD) received from 28
2023/01/22 21:22:33 [notice] 1#1: worker process 28 exited with code 0
2023/01/22 21:22:33 [notice] 1#1: exit
2023/01/22 21:26:34 [notice] 1#1: using the "epoll" event method
2023/01/22 21:26:34 [notice] 1#1: nginx/1.23.3
2023/01/22 21:26:34 [notice] 1#1: built by gcc 10.2.1 20210110 (Debian 10.2.1-6) 
2023/01/22 21:26:34 [notice] 1#1: OS: Linux 5.4.0-74-generic
2023/01/22 21:26:34 [notice] 1#1: getrlimit(RLIMIT_NOFILE): 1048576:1048576
2023/01/22 21:26:34 [notice] 1#1: start worker processes
2023/01/22 21:26:34 [notice] 1#1: start worker process 20
2023/01/22 21:26:34 [notice] 1#1: start worker process 21
2023/01/22 21:34:18 [error] 20#20: *9 connect() failed (113: No route to host) while connecting to upstream, client: 92.247.219.160, server: , request: "GET / HTTP/1.1", upstream: "fastcgi://172.22.0.6:9000", host: "164.138.221.107"
2023/01/22 21:38:27 [error] 20#20: *13 connect() failed (113: No route to host) while connecting to upstream, client: 92.247.219.160, server: , request: "GET / HTTP/1.1", upstream: "fastcgi://172.22.0.6:9000", host: "164.138.221.107"
2023/01/22 21:40:26 [error] 20#20: *16 connect() failed (113: No route to host) while connecting to upstream, client: 92.247.219.160, server: , request: "GET / HTTP/1.1", upstream: "fastcgi://172.22.0.6:9000", host: "164.138.221.107"
2023/01/22 21:40:41 [notice] 1#1: signal 3 (SIGQUIT) received, shutting down
2023/01/22 21:40:41 [notice] 21#21: gracefully shutting down
2023/01/22 21:40:41 [notice] 21#21: exiting
2023/01/22 21:40:41 [notice] 21#21: exit
2023/01/22 21:40:41 [notice] 20#20: gracefully shutting down
2023/01/22 21:40:41 [notice] 1#1: signal 17 (SIGCHLD) received from 21
2023/01/22 21:40:41 [notice] 1#1: worker process 21 exited with code 0
2023/01/22 21:40:41 [notice] 1#1: signal 29 (SIGIO) received
2023/01/22 21:45:06 [notice] 1#1: using the "epoll" event method
2023/01/22 21:45:06 [notice] 1#1: nginx/1.23.3
2023/01/22 21:45:06 [notice] 1#1: built by gcc 10.2.1 20210110 (Debian 10.2.1-6) 
2023/01/22 21:45:06 [notice] 1#1: OS: Linux 5.4.0-74-generic
2023/01/22 21:45:06 [notice] 1#1: getrlimit(RLIMIT_NOFILE): 1048576:1048576
2023/01/22 21:45:06 [notice] 1#1: start worker processes
2023/01/22 21:45:06 [notice] 1#1: start worker process 20
2023/01/22 21:45:06 [notice] 1#1: start worker process 21
2023/01/22 22:17:04 [error] 20#20: *17 connect() failed (113: No route to host) while connecting to upstream, client: 152.89.196.211, server: , request: "GET / HTTP/1.1", upstream: "fastcgi://172.23.0.5:9000", host: "164.138.221.107:80"
2023/01/22 22:26:59 [error] 20#20: *19 connect() failed (113: No route to host) while connecting to upstream, client: 193.32.162.159, server: , request: "GET / HTTP/1.1", upstream: "fastcgi://172.23.0.5:9000", host: "164.138.221.107"
2023/01/22 22:35:13 [error] 20#20: *21 connect() failed (113: No route to host) while connecting to upstream, client: 152.89.196.211, server: , request: "GET /actuator/gateway/routes HTTP/1.1", upstream: "fastcgi://172.23.0.5:9000", host: "164.138.221.107:80"
2023/01/22 22:46:54 [error] 20#20: *23 connect() failed (113: No route to host) while connecting to upstream, client: 92.247.219.160, server: , request: "GET / HTTP/1.1", upstream: "fastcgi://172.23.0.5:9000", host: "164.138.221.107"
2023/01/22 22:47:00 [notice] 1#1: signal 3 (SIGQUIT) received, shutting down
2023/01/22 22:47:00 [notice] 20#20: gracefully shutting down
2023/01/22 22:47:00 [notice] 21#21: gracefully shutting down
2023/01/22 22:47:00 [notice] 21#21: exiting
2023/01/22 22:47:00 [notice] 20#20: exiting
2023/01/22 22:47:00 [notice] 20#20: exit
2023/01/22 22:47:00 [notice] 21#21: exit
2023/01/22 22:47:00 [notice] 1#1: signal 17 (SIGCHLD) received from 20
2023/01/22 22:47:00 [notice] 1#1: worker process 20 exited with code 0
2023/01/22 22:47:00 [notice] 1#1: worker process 21 exited with code 0
2023/01/22 22:47:00 [notice] 1#1: exit
2023/01/22 22:55:10 [notice] 1#1: using the "epoll" event method
2023/01/22 22:55:10 [notice] 1#1: nginx/1.23.3
2023/01/22 22:55:10 [notice] 1#1: built by gcc 10.2.1 20210110 (Debian 10.2.1-6) 
2023/01/22 22:55:10 [notice] 1#1: OS: Linux 5.4.0-74-generic
2023/01/22 22:55:10 [notice] 1#1: getrlimit(RLIMIT_NOFILE): 1048576:1048576
2023/01/22 22:55:10 [notice] 1#1: start worker processes
2023/01/22 22:55:10 [notice] 1#1: start worker process 20
2023/01/22 22:55:10 [notice] 1#1: start worker process 21
2023/01/22 22:57:52 [notice] 1#1: signal 3 (SIGQUIT) received, shutting down
2023/01/22 22:57:52 [notice] 21#21: gracefully shutting down
2023/01/22 22:57:52 [notice] 20#20: gracefully shutting down
2023/01/22 22:57:52 [notice] 20#20: exiting
2023/01/22 22:57:52 [notice] 21#21: exiting
2023/01/22 22:57:52 [notice] 20#20: exit
2023/01/22 22:57:52 [notice] 21#21: exit
2023/01/22 22:57:52 [notice] 1#1: signal 17 (SIGCHLD) received from 20
2023/01/22 22:57:52 [notice] 1#1: worker process 20 exited with code 0
2023/01/22 22:57:52 [notice] 1#1: signal 29 (SIGIO) received
2023/01/22 22:57:52 [notice] 1#1: signal 17 (SIGCHLD) received from 21
2023/01/22 22:57:52 [notice] 1#1: worker process 21 exited with code 0
2023/01/22 22:57:52 [notice] 1#1: exit
